<?xml version="1.0" encoding="UTF-8"?>
<testsuite name="HandlersTests.UpdateNameHandlerTest" tests="1" skipped="0" failures="0" errors="0" timestamp="2018-05-04T01:06:13" hostname="C02VM0J6HTD8" time="0.12">
  <properties/>
  <testcase name="updateHandlerShouldCallUpdateNameService" classname="HandlersTests.UpdateNameHandlerTest" time="0.12"/>
  <system-out><![CDATA[]]></system-out>
  <system-err><![CDATA[]]></system-err>
</testsuite>
